-17956
98 0 -98
16 51 -98
16 30 -94
47 78 -100
74 73 -100
26 23 -97
16 1 -93
66 14 -100
16 39 -90
27 98 -95
35 22 -96
35 73 -94
97 27 -93
54 88 -97
97 54 -62
72 69 -91
94 74 -94
50 83 -98
50 66 -92
91 3 -99
76 86 -80
42 72 -91
21 72 -91
84 41 -93
84 45 -88
50 76 -85
65 58 -98
70 7 -91
51 6 -96
70 8 -88
77 47 -97
21 84 -85
26 16 -93
10 12 -89
90 32 -92
3 66 -92
88 79 -91
88 78 -88
88 55 -82
21 47 -78
27 55 -85
6 64 -87
6 77 -87
48 14 -96
87 1 -100
87 88 -96
52 48 -93
6 52 -84
1 47 -86
22 3 -88
72 98 -90
79 26 -86
98 94 -84
93 3 -89
66 9 -84
49 24 -92
49 6 -84
34 77 -98
34 60 -79
68 79 -86
23 82 -89
25 9 -88
59 48 -92
20 82 -93
23 25 -84
37 45 -99
37 33 -87
23 56 -84
15 20 -87
79 51 -84
45 6 -82
95 37 -71
71 68 -84
90 22 -78
6 1 -77
10 90 -77
31 12 -77
84 50 -81
75 44 -88
75 69 -80
31 84 -64
7 65 -70
19 7 -63
21 32 -75
47 88 -75
93 24 -83
4 2 -90
14 97 -83
93 4 -81
15 72 -75
47 93 -74
82 97 -87
85 23 -96
57 97 -96
85 57 -94
85 69 -91
85 86 -87
46 84 -86
46 13 -82
64 42 -74
35 64 -67
88 97 -74
9 16 -74
10 88 -73
99 27 -99
81 19 -72
85 46 -65
3 8 -83
34 68 -73
76 55 -67
63 66 -68
73 25 -93
63 73 -64
91 76 -64
87 81 -80
48 87 -76
53 52 -86
53 54 -82
48 53 -74
18 95 -83
83 20 -95
83 31 -79
28 9 -70
83 72 -68
82 38 -61
47 82 -57
19 47 -51
35 34 -60
14 30 -72
58 10 -74
79 58 -69
99 81 -64
67 49 -86
66 49 -65
79 71 -62
1 79 -60
85 3 -59
93 63 -73
51 98 -72
51 97 -62
38 85 -59
95 5 -59
30 45 -58
14 1 -56
54 97 -55
60 63 -77
60 33 -73
60 86 -70
29 60 -66
29 99 -66
6 56 -60
14 54 -52
87 31 -43
16 97 -69
20 27 -79
59 20 -78
59 28 -70
59 8 -55
59 24 -55
79 30 -57
3 91 -54
99 67 -61
96 88 -98
96 46 -84
96 42 -80
78 6 -79
96 78 -74
99 96 -57
61 49 -97
61 25 -75
61 71 -74
61 30 -67
18 83 -53
80 68 -84
2 80 -80
2 49 -79
2 42 -66
61 66 -53
12 71 -52
48 18 -53
46 12 -52
46 66 -51
80 66 -75
3 46 -51
56 95 -57
3 56 -46
79 3 -46
59 79 -45
76 63 -60
2 27 -49
60 91 -55
22 33 -55
86 91 -69
52 86 -62
52 22 -53
95 22 -51
2 60 -47
18 2 -42
76 66 -41
17 28 -52
17 55 -45
14 87 -39
88 33 -61
14 88 -37
74 80 -44
74 56 -38
40 41 -93
40 76 -88
4 14 -67
40 4 -56
40 69 -56
94 13 -79
94 24 -79
94 39 -74
94 64 -71
94 55 -37
83 39 -47
50 70 -76
50 60 -66
50 6 -63
50 46 -61
50 26 -44
13 50 -34
55 35 -32
30 84 -55
81 65 -46
81 13 -31
95 14 -38
69 25 -53
69 88 -50
85 8 -56
69 85 -39
4 66 -52
6 14 -43
58 6 -40
2 95 -41
58 2 -38
59 76 -38
47 37 -47
36 54 -89
0 83 -89
36 0 -86
36 87 -81
36 18 -79
36 83 -61
36 72 -49
47 36 -43
47 56 -39
5 31 -54
92 55 -59
5 92 -52
70 77 -60
4 26 -36
30 35 -36
30 55 -35
0 63 -54
90 6 -51
15 45 -59
53 65 -70
53 93 -70
43 65 -97
43 12 -87
43 84 -63
43 67 -54
15 53 -52
0 12 -50
0 58 -43
59 47 -35
15 14 -37
15 13 -35
90 23 -48
89 4 -80
89 37 -52
84 75 -53
98 93 -45
89 84 -44
90 89 -43
41 92 -47
39 63 -44
46 74 -47
39 46 -41
48 90 -40
61 54 -47
51 91 -40
18 34 -35
18 94 -35
18 24 -33
7 19 -34
4 1 -34
42 21 -51
69 4 -34
7 17 -31
34 7 -29
86 74 -52
71 10 -39
98 24 -30
59 23 -33
19 55 -26
81 59 -25
86 71 -29
34 86 -29
23 15 -27
72 17 -28
16 25 -33
61 93 -36
23 72 -27
34 23 -24
0 27 -23
13 19 -21
76 33 -37
29 26 -42
75 95 -43
54 29 -38
52 97 -50
22 52 -49
82 48 -52
70 17 -33
47 5 -33
62 39 -98
62 45 -80
62 24 -73
62 95 -61
62 52 -41
62 47 -32
43 47 -32
54 22 -28
54 18 -26
80 54 -26
97 35 -47
97 2 -36
84 98 -31
60 75 -26
97 60 -24
56 37 -32
56 84 -32
43 7 -26
49 34 -44
21 56 -37
41 39 -39
43 49 -25
56 22 -22
80 97 -22
66 18 -25
11 66 -25
93 85 -32
55 81 -21
37 27 -21
11 93 -21
40 94 -24
63 37 -19
74 40 -26
32 27 -70
57 41 -75
32 57 -66
32 30 -55
92 2 -40
92 81 -25
95 69 -25
4 42 -30
74 32 -23
18 28 -17
40 58 -15
58 93 -3
76 80 -16
13 76 -12
35 14 -29
72 16 -23
36 30 -23
35 72 -23
35 93 -20
57 74 -33
64 35 -19
36 58 -21
6 35 -38
83 13 -15
25 59 -13
25 87 -7
72 36 -11
53 43 -49
53 14 -45
53 80 -44
53 8 -38
68 23 -72
68 52 -71
68 93 -70
68 92 -58
68 7 -42
53 68 -32
58 96 -2
50 35 -31
50 98 -20
72 53 -1
73 64 -6
72 73 14
25 72 -2
89 98 -24
89 64 -10
48 10 -33
48 15 -30
86 89 -9
86 99 -8
16 61 -3
99 61 -7
88 63 -16
38 30 -26
20 55 -74
20 54 -66
20 69 -57
20 85 -46
20 64 -34
20 87 -31
47 62 -28
47 20 -3
55 52 -5
4 69 -21
92 95 4
16 99 4
79 87 -17
79 25 -9
46 35 -20
46 8 -16
69 34 -16
23 69 -12
46 23 -6
37 59 -18
91 48 -39
37 44 -14
37 87 10
50 72 1
50 79 2
26 58 3
65 30 -30
12 48 -8
2 18 -4
15 51 -14
24 11 -24
12 2 -3
12 73 -2
69 89 1
40 26 3
40 64 10
22 82 -14
78 11 -63
78 22 -61
78 67 -56
78 10 -55
78 41 -19
78 57 -18
16 79 15
91 52 -13
61 96 11
6 16 6
2 15 5
2 64 7
20 47 3
38 20 6
61 6 14
73 72 16
70 73 -20
5 70 -16
72 61 18
45 95 -57
45 29 -56
45 2 3
17 95 -25
17 56 -24
54 98 -11
17 54 -7
39 76 -38
8 51 -10
17 39 -4
17 79 2
74 76 -2
94 83 7
76 13 0
94 80 9
45 17 9
63 74 2
63 13 9
3 21 -30
3 65 -25
67 66 -53
67 84 -51
67 58 -9
3 67 -6
10 99 -25
10 94 11
63 3 12
64 72 19
4 61 10
0 16 -19
0 20 -12
21 41 0
21 25 2
12 24 2
56 61 -10
56 42 -3
12 56 2
12 58 5
89 12 6
0 21 8
81 0 13
8 79 -3
4 81 18
94 16 19
33 72 -25
33 35 -22
39 8 -2
39 18 0
64 95 22
76 16 14
75 84 -5
75 24 -4
75 40 -3
29 75 12
41 34 2
57 52 -3
59 94 -6
59 12 -1
59 5 3
57 59 7
93 18 11
12 22 7
12 64 14
53 40 2
82 43 -8
53 82 11
97 56 -3
97 11 12
57 93 15
48 13 -5
48 21 -4
48 76 14
91 73 19
13 64 14
55 92 8
85 96 11
97 39 20
83 74 16
83 63 17
78 96 16
78 75 17
69 68 14
1 38 -19
1 76 0
69 1 17
48 2 22
66 55 -6
53 97 22
53 91 23
13 55 24
66 43 23
22 78 22
30 0 1
61 38 27
69 54 23
31 19 -23
31 26 -20
31 2 0
31 92 5
31 42 25
25 86 21
96 25 25
84 69 25
84 78 32
14 74 2
98 40 -3
98 44 2
14 98 10
14 80 13
14 8 28
26 65 35
40 22 28
89 54 11
92 61 19
46 37 16
3 10 20
19 81 5
89 92 19
32 92 -22
32 88 -19
32 2 -7
32 56 2
32 43 6
3 19 25
98 25 20
79 46 20
77 17 -37
77 28 -20
77 98 -18
77 32 -4
77 3 7
77 81 13
10 79 22
92 10 25
99 68 17
92 99 26
89 32 30
54 76 28
39 64 29
39 78 30
40 51 30
66 40 34
90 41 34
7 28 -19
4 94 27
70 83 17
60 79 19
49 21 10
49 93 15
60 49 26
7 4 31
42 16 33
86 42 32
55 85 26
27 7 -17
27 88 -2
27 20 21
27 89 22
5 64 31
21 51 18
8 74 35
23 95 7
83 78 33
7 10 33
52 88 33
76 29 34
3 62 35
1 94 31
46 3 35
16 17 34
52 46 35
64 54 41
59 11 8
59 68 16
90 7 47
39 82 35
33 39 39
30 20 35
24 79 6
24 78 17
50 15 19
44 50 30
51 89 39
47 50 18
96 40 30
89 22 40
63 86 31
45 63 20
72 45 20
86 55 41
75 6 24
62 98 37
71 89 15
71 31 31
56 89 17
0 43 36
40 80 37
19 12 38
18 40 33
62 71 40
63 72 43
89 63 43
53 0 40
9 5 -68
9 77 -59
9 48 -6
93 12 44
75 43 45
21 34 36
68 34 22
77 1 39
44 51 42
75 77 45
83 54 47
49 30 35
49 71 44
28 34 14
28 84 32
28 11 47
14 26 40
85 93 40
21 68 62
49 28 48
89 53 50
89 83 51
19 25 45
37 40 21
37 50 38
58 50 7
58 23 8
58 81 16
37 58 40
61 83 41
37 61 45
37 0 48
2 97 51
62 7 50
50 63 44
50 23 52
12 53 51
31 96 40
60 93 53
60 84 60
11 54 55
20 61 50
43 62 46
34 55 37
34 97 38
39 20 54
66 46 37
35 8 11
35 61 11
35 18 22
15 24 32
35 15 34
4 70 42
67 41 12
67 90 13
67 4 15
67 9 16
67 35 18
67 99 21
67 70 22
67 34 48
4 67 53
54 90 56
97 83 56
94 21 78
0 40 50
36 6 3
36 84 29
62 42 59
82 76 54
8 23 49
29 90 46
29 64 51
29 46 53
82 27 55
64 59 55
23 64 55
62 23 62
20 46 55
5 21 44
52 23 66
77 44 51
79 77 53
32 46 57
49 11 57
61 11 59
96 59 54
32 44 67
51 47 53
98 82 58
20 32 75
2 62 74
42 20 90
3 39 38
66 4 67
81 90 30
81 26 35
30 44 66
24 34 36
46 34 72
74 1 57
58 28 44
28 78 52
25 71 52
