-63495
295 119 -99
227 62 -99
55 37 -99
368 438 -98
70 362 -98
253 295 -97
346 131 -100
219 12 -99
345 117 -99
176 254 -98
390 239 -100
466 176 -96
64 207 -99
81 264 -98
70 6 -96
35 64 -96
411 1 -97
294 334 -99
355 375 -98
167 219 -98
101 308 -99
9 133 -98
459 279 -99
301 469 -98
301 178 -97
24 100 -98
151 414 -100
151 262 -99
465 402 -68
135 270 -96
96 60 -93
70 135 -68
111 398 -96
301 24 -95
272 420 -99
161 193 -100
247 128 -99
107 335 -88
435 448 -88
118 172 -99
389 220 -94
9 234 -96
77 43 -93
118 255 -93
326 473 -89
19 492 -88
138 328 -94
476 113 -98
476 477 -92
105 436 -99
427 105 -99
493 39 -100
173 383 -99
50 482 -99
392 182 -98
307 191 -97
200 237 -96
27 138 -94
461 23 -93
461 370 -93
233 143 -91
375 233 -90
79 138 -89
93 253 -94
166 390 -91
106 166 -72
379 363 -96
242 31 -89
455 281 -99
132 474 -97
438 408 -93
27 375 -89
208 256 -93
208 322 -90
219 435 -87
432 480 -89
349 92 -89
489 360 -86
277 492 -85
200 277 -85
219 489 -83
7 336 -77
98 7 -99
263 198 -94
393 110 -90
330 365 -100
330 226 -93
78 263 -89
188 358 -88
354 297 -96
289 188 -80
121 303 -79
390 395 -84
466 250 -82
324 146 -98
205 46 -75
462 18 -96
462 74 -92
462 147 -90
462 406 -85
299 373 -94
131 54 -86
299 131 -85
76 33 -96
44 222 -82
455 436 -87
298 349 -99
35 79 -84
207 78 -89
190 174 -90
109 207 -87
294 490 -82
124 107 -78
312 379 -98
312 440 -93
293 216 -95
449 13 -93
318 449 -93
74 110 -78
294 397 -76
71 285 -95
414 480 -76
495 413 -75
138 486 -78
318 172 -77
90 352 -84
347 293 -87
160 384 -79
383 292 -94
383 80 -86
77 146 -85
269 77 -84
386 490 -92
154 170 -80
371 31 -92
371 499 -91
228 254 -98
228 456 -85
326 30 -85
254 420 -85
231 254 -85
196 154 -79
383 196 -78
177 421 -98
243 177 -89
252 243 -82
279 423 -85
183 210 -82
392 231 -79
178 264 -90
392 391 -79
417 10 -94
417 264 -86
493 315 -79
493 395 -79
183 31 -78
159 155 -78
438 454 -85
45 438 -85
132 45 -85
343 132 -85
343 159 -85
423 400 -77
124 318 -75
378 121 -73
124 196 -70
11 373 -98
11 106 -97
395 356 -67
26 179 -87
455 298 -83
201 156 -95
2 201 -88
455 342 -82
316 55 -93
479 181 -94
316 479 -91
82 316 -91
169 242 -77
79 498 -77
79 24 -65
221 150 -90
39 101 -96
56 167 -94
428 259 -94
428 44 -76
125 154 -99
125 464 -73
118 262 -86
428 125 -73
85 191 -88
85 362 -70
251 347 -71
471 348 -75
471 350 -75
471 4 -74
351 282 -91
144 330 -81
8 246 -72
341 466 -72
45 471 -71
120 499 -87
428 85 -69
62 473 -78
470 62 -66
443 148 -100
443 462 -94
366 358 -85
443 123 -82
304 9 -91
304 148 -87
304 164 -80
469 453 -86
437 131 -76
495 138 -67
428 278 -66
216 212 -83
439 304 -76
344 476 -75
491 362 -74
221 355 -66
81 19 -77
300 419 -93
136 199 -69
58 183 -69
199 328 -68
61 485 -99
61 84 -94
61 145 -86
61 208 -69
45 316 -67
206 173 -89
122 45 -66
432 65 -77
349 253 -74
58 279 -66
345 341 -70
52 436 -68
143 461 -74
73 93 -71
429 358 -93
221 119 -58
392 417 -74
200 205 -72
392 121 -72
189 373 -78
82 392 -70
301 272 -73
490 301 -71
354 490 -71
354 169 -68
337 184 -65
372 229 -95
336 219 -72
40 208 -76
27 40 -76
352 27 -62
158 476 -65
328 378 -60
464 74 -66
142 322 -91
142 0 -74
140 401 -99
140 83 -76
467 22 -96
467 49 -91
467 214 -86
399 35 -74
467 264 -70
142 140 -65
198 92 -81
198 460 -71
435 441 -65
192 14 -92
363 82 -90
74 28 -56
449 120 -76
449 73 -61
82 188 -56
124 11 -62
79 221 -54
98 78 -80
325 143 -75
162 171 -85
36 162 -82
98 325 -75
195 140 -70
317 227 -94
317 89 -93
317 113 -81
385 264 -86
483 411 -99
483 239 -87
483 141 -79
346 269 -97
430 101 -98
175 430 -96
12 346 -96
194 452 -88
194 421 -85
282 194 -82
12 282 -82
497 81 -79
454 250 -79
454 333 -70
98 195 -70
332 170 -89
383 58 -70
83 339 -69
162 125 -74
358 98 -67
412 256 -100
412 171 -95
412 287 -93
412 99 -92
349 190 -65
157 337 -63
235 2 -78
38 235 -77
342 459 -72
12 454 -68
349 83 -57
324 465 -66
245 389 -84
245 460 -69
399 324 -56
312 248 -84
312 33 -76
312 240 -63
203 99 -93
203 439 -84
203 408 -67
389 196 -73
367 177 -63
463 428 -64
461 53 -63
463 461 -61
365 384 -66
365 185 -61
461 26 -60
445 215 -68
76 445 -68
299 76 -68
179 17 -68
35 109 -67
474 25 -82
43 9 -90
43 491 -90
43 62 -80
474 43 -70
323 318 -99
434 356 -81
299 35 -63
357 237 -100
357 474 -97
152 357 -97
152 489 -79
152 361 -71
133 355 -60
74 449 -55
81 300 -51
311 370 -95
311 118 -86
311 144 -84
311 275 -74
410 261 -95
410 174 -87
184 2 -61
332 143 -57
311 410 -57
419 4 -74
262 292 -76
262 443 -68
240 66 -57
423 426 -67
224 446 -66
224 10 -61
90 202 -65
90 245 -63
408 411 -66
126 284 -100
126 443 -98
126 109 -91
126 158 -84
163 395 -80
236 454 -97
236 411 -88
236 3 -84
236 146 -84
236 258 -84
236 268 -83
442 190 -90
442 301 -89
236 442 -74
431 463 -75
431 164 -67
126 174 -66
313 68 -62
29 53 -69
313 29 -60
313 451 -60
90 313 -57
147 214 -61
5 468 -61
326 341 -62
5 326 -54
48 449 -88
15 112 -97
48 15 -78
48 298 -60
311 419 -54
150 147 -63
118 464 -59
200 161 -56
488 245 -99
47 340 -95
105 17 -89
423 454 -59
113 79 -54
335 302 -71
283 324 -61
335 421 -57
251 122 -62
295 70 -62
78 173 -60
20 423 -79
20 344 -69
433 85 -90
433 125 -85
433 319 -71
248 251 -60
445 111 -67
400 445 -66
162 121 -56
113 335 -54
427 268 -63
427 498 -59
193 240 -69
193 373 -59
494 106 -56
32 386 -73
394 312 -69
494 269 -50
100 332 -60
402 151 -62
253 432 -68
253 252 -66
433 494 -55
430 106 -94
85 251 -52
113 427 -43
10 288 -46
455 82 -76
93 494 -69
236 431 -62
455 93 -54
463 365 -54
355 463 -54
390 200 -53
446 90 -53
341 224 -51
432 21 -60
12 151 -54
405 383 -71
405 79 -68
478 405 -63
157 280 -53
385 483 -54
293 215 -58
195 317 -54
432 195 -50
150 441 -52
337 372 -50
55 368 -74
55 76 -64
55 332 -52
398 55 -52
312 203 -50
239 21 -50
207 190 -59
156 41 -90
156 210 -72
156 179 -66
388 79 -64
399 312 -50
310 264 -50
199 61 -62
41 432 -48
310 199 -48
10 455 -44
291 76 -75
285 291 -66
115 495 -44
155 444 -54
111 7 -49
371 228 -74
154 14 -67
309 132 -68
309 204 -58
216 395 -53
52 31 -53
8 345 -43
322 258 -11
54 96 -73
454 166 -53
39 277 -93
263 376 -70
39 263 -66
191 493 -83
191 217 -80
413 121 -48
24 151 -52
128 161 -92
24 404 -50
302 179 -46
165 18 -81
165 175 -65
165 215 -56
469 437 -43
143 444 -53
493 143 -51
48 349 -42
184 434 -43
134 158 -39
424 245 -100
424 13 -63
434 332 -42
50 256 -95
50 336 -89
182 50 -79
293 8 -52
370 378 -73
370 180 -66
222 462 -72
222 498 -69
383 115 -66
222 383 -66
370 222 -57
30 24 -56
481 295 -72
458 77 -95
481 458 -72
481 171 -69
481 183 -67
370 11 -55
295 293 -50
238 484 -89
157 10 -49
173 249 -46
248 400 -53
445 410 -61
173 248 -42
134 424 -39
74 81 -43
74 295 -43
27 19 -41
393 287 -60
5 69 -40
401 197 -40
325 36 -70
168 454 -45
236 333 -40
112 271 -53
257 41 -39
442 325 -60
442 152 -40
447 284 -96
447 95 -48
131 426 -67
292 414 -65
232 187 -69
447 131 -47
362 74 -38
267 235 -93
267 128 -59
418 118 -42
416 236 -55
247 249 -65
267 125 -42
210 252 -50
68 368 -38
153 12 -68
153 30 -65
153 165 -65
167 39 -63
396 72 -89
453 439 -65
164 453 -62
257 442 -38
41 95 -38
372 336 -37
209 3 -93
209 408 -81
209 145 -71
49 30 -62
49 82 -54
69 48 -34
468 235 -55
468 421 -45
69 468 -33
59 477 -96
59 195 -83
43 313 -36
425 5 -59
43 425 -36
98 100 -32
63 237 -67
329 491 -37
489 158 -46
355 264 -52
438 119 -45
460 326 -57
343 423 -42
89 491 -49
485 206 -65
160 159 -41
351 309 -68
318 446 -59
414 289 -62
351 318 -58
58 322 -41
256 371 -54
115 155 -42
256 437 -42
327 308 -98
452 168 -81
327 382 -76
46 466 -71
46 328 -55
230 225 -59
344 367 -41
395 26 -41
26 113 -33
111 154 -34
393 197 -35
444 223 -50
434 182 -33
71 9 -55
473 295 -67
473 26 -66
62 428 -54
120 71 -54
120 87 -45
238 326 -41
103 81 -45
119 58 -39
397 362 -59
397 337 -50
381 24 -81
381 352 -42
239 207 -47
330 16 -72
330 435 -63
294 71 -62
294 107 -55
196 397 -42
426 295 -37
129 413 -58
177 329 -34
210 475 -36
144 199 -50
90 147 -36
115 121 -38
1 278 -53
1 400 -53
289 115 -34
385 249 -40
497 86 -53
385 250 -38
313 302 -31
116 91 -39
441 116 -39
59 43 -31
186 54 -66
42 494 -60
392 189 -67
60 42 -52
229 385 -91
60 229 -52
60 184 -46
60 108 -41
186 60 -32
439 344 -43
60 161 -31
138 475 -34
201 174 -64
479 144 -77
282 375 -81
282 231 -68
348 55 -73
479 282 -65
190 151 -44
359 317 -89
359 247 -64
359 344 -61
359 32 -50
359 464 -41
359 444 -37
201 479 -36
486 373 -35
292 232 -39
244 478 -97
372 209 -31
301 322 -37
29 429 -37
360 349 -46
360 457 -37
240 341 -29
85 395 -42
412 271 -47
79 358 -45
214 262 -48
496 390 -70
496 266 -40
79 104 -40
451 152 -43
376 393 -69
334 337 -64
334 278 -48
376 334 -37
85 79 -37
85 300 -32
274 451 -50
162 319 -30
171 352 -30
193 85 -28
223 83 -36
290 104 -62
290 333 -61
290 424 -37
431 36 -36
261 419 -92
38 65 -57
234 459 -52
140 467 -30
406 325 -84
60 51 -28
443 469 -39
81 311 -41
81 136 -40
109 179 -62
109 256 -54
255 245 -48
38 42 -47
222 279 -53
222 216 -38
206 146 -45
45 206 -41
235 138 -53
452 311 -74
407 144 -89
407 448 -83
452 407 -68
235 452 -53
84 443 -80
84 470 -51
45 235 -40
222 45 -32
443 81 -30
377 424 -70
377 483 -59
377 5 -54
488 457 -83
488 325 -78
488 232 -76
44 35 -56
338 44 -48
340 488 -48
327 457 -61
327 2 -57
466 327 -47
340 466 -45
470 443 -30
163 236 -28
108 310 -28
485 210 -29
212 322 -35
217 64 -75
217 182 -34
213 59 -95
213 355 -90
217 213 -34
296 440 -93
296 243 -45
108 485 -27
349 108 -25
69 59 -28
369 75 -35
290 312 -27
345 52 -38
483 12 -40
34 497 -37
191 177 -42
223 290 -27
323 434 -26
50 192 -48
218 186 -61
263 397 -63
218 263 -25
0 494 -73
448 368 -69
0 448 -67
295 238 -32
57 248 -79
57 280 -58
214 496 -33
33 29 -73
390 146 -31
448 109 -29
448 371 -27
400 184 -32
237 199 -49
252 279 -45
22 79 -71
252 22 -39
400 252 -29
301 368 -30
294 157 -34
301 239 -28
374 95 -36
214 33 -28
206 295 -22
357 399 -87
357 73 -63
276 260 -93
357 276 -49
357 184 -38
102 484 -60
270 385 -33
478 161 -26
444 113 -26
478 393 -26
458 374 -23
95 486 -26
71 473 -46
498 499 -19
498 231 -14
140 406 -23
291 334 -65
220 370 -84
80 291 -62
114 435 -80
114 182 -63
80 114 -56
195 161 -46
195 402 -39
18 481 -62
18 199 -51
18 83 -38
195 18 -35
80 195 -35
463 113 -47
144 90 -27
162 54 -18
246 376 -28
246 59 -25
234 140 -18
93 163 -24
189 384 -58
72 424 -28
177 171 -21
492 420 -79
492 333 -72
391 178 -75
492 391 -70
492 66 -54
492 496 -37
29 308 -27
341 41 -23
394 494 -39
394 11 -36
97 390 -19
427 193 -21
96 426 -18
17 294 -56
184 48 -20
362 267 -28
0 206 -16
50 218 -14
54 26 -14
87 289 -19
124 491 -19
336 171 -34
432 401 -30
325 163 -15
126 257 -20
164 445 -31
191 368 -20
88 365 -98
88 39 -51
245 486 -25
386 35 -47
227 318 -69
354 373 -45
7 289 -46
227 354 -45
114 1 -41
375 388 -71
375 183 -52
375 173 -30
192 322 -33
114 375 -30
460 172 -37
469 493 -32
306 430 -81
306 20 -51
315 65 -62
315 393 -59
315 437 -36
284 5 -81
284 297 -69
284 361 -45
479 421 -34
306 315 -28
433 430 -48
137 325 -98
137 224 -33
306 433 -28
24 313 -29
423 355 -25
88 245 -24
353 69 -100
353 483 -90
34 191 -13
396 164 -18
496 209 -32
7 419 -38
260 373 -74
260 231 -46
496 354 -28
68 153 -16
284 479 -27
5 401 -11
396 496 -11
471 351 -13
249 426 -22
450 354 -42
450 396 -29
122 271 -55
122 344 -44
122 103 -24
109 255 -19
357 102 -11
482 173 -18
148 9 -67
148 43 -56
180 495 -54
174 163 -53
148 180 -52
110 348 -34
45 301 -20
204 103 -47
204 114 -41
110 45 -16
420 460 -68
420 199 -66
489 175 -31
481 103 -27
31 73 -36
481 31 -16
197 5 -9
451 246 -26
68 315 -10
266 445 -26
344 395 -13
285 257 -11
10 285 -10
443 377 -9
34 475 -4
326 483 -4
299 451 -7
493 48 -7
385 162 -7
340 385 -7
341 394 -5
96 17 -2
407 100 -61
407 380 -34
407 381 -34
360 247 -12
498 96 -1
420 489 -3
206 357 -3
142 198 -2
260 97 -19
381 36 -28
3 41 -44
3 428 -31
3 488 -25
388 215 -42
106 379 -43
388 106 -35
365 461 -43
365 322 -26
365 470 -25
174 463 -26
3 388 -18
384 347 -33
187 384 -32
429 304 -31
429 355 -31
429 376 -22
187 429 -15
260 381 -15
463 287 -9
291 220 -49
291 126 -44
291 313 -42
291 84 -3
262 240 -14
152 429 -15
156 388 -33
189 72 -9
486 131 -21
366 432 -30
366 218 -21
208 411 -59
208 304 -12
274 248 -23
137 274 -8
251 78 -45
251 136 -37
40 78 -23
40 361 -19
133 489 -21
133 162 -17
133 247 -14
40 367 -13
291 455 -3
292 244 -19
69 369 -17
135 96 -14
69 135 -12
69 451 -9
188 450 -53
215 27 -25
54 493 -1
155 150 -6
497 216 -10
497 109 -1
305 384 -72
378 230 -45
250 497 -1
433 137 -8
374 50 -15
328 435 -38
15 328 -38
15 52 -15
13 312 -59
13 322 -55
13 192 -42
13 83 -38
57 214 -13
78 20 -6
184 194 -1
141 351 -32
468 372 -18
230 400 -29
404 128 -49
6 256 -88
6 292 -35
6 131 -25
356 70 -33
205 44 -42
205 310 -24
115 1 -23
115 257 -20
179 58 -19
232 249 -17
487 468 -100
487 169 -95
487 107 -68
487 474 -59
232 487 -13
221 350 -43
221 98 -36
38 222 -7
141 38 1
182 482 -20
348 329 -9
348 78 12
400 216 -3
98 63 -26
165 98 -8
298 495 -47
298 7 -39
298 316 -28
165 298 -8
366 208 -1
297 455 0
52 29 -9
251 247 -6
253 162 -25
157 402 -9
117 171 -58
399 251 -3
492 341 0
103 150 -21
103 189 -16
174 183 0
462 299 -35
462 213 -33
261 234 -16
140 80 1
140 54 10
465 395 4
17 467 6
62 401 -11
473 62 -9
443 326 1
234 309 -8
70 111 2
189 486 1
197 299 0
490 210 2
144 443 3
404 6 -11
339 383 -53
398 400 -32
339 391 -32
404 339 -1
230 404 -1
452 183 -7
72 97 -2
316 120 -14
316 273 -14
72 316 -2
306 24 -24
460 469 -21
32 394 -32
32 212 -23
460 32 -4
359 390 1
10 490 3
281 404 -61
281 296 -36
281 393 -17
465 17 6
332 223 4
341 370 4
329 300 13
360 441 4
301 458 -2
407 360 4
148 420 17
208 40 1
206 203 6
285 427 7
419 214 -15
419 319 -2
477 486 -68
105 343 -50
477 200 -41
207 156 7
24 231 -18
24 489 -10
361 329 -17
149 35 -82
149 137 -57
178 310 -64
178 292 -55
423 361 -11
423 10 -4
24 423 4
156 309 9
217 296 1
188 70 7
188 441 11
276 201 -30
276 445 -25
118 413 -29
43 118 -16
89 485 -40
89 349 -13
43 89 -10
46 230 -6
43 46 3
288 190 -16
108 186 -24
446 421 1
163 60 6
117 217 12
206 285 12
421 498 9
463 291 9
364 60 -14
364 341 -1
440 102 -88
440 281 -18
440 304 -11
212 217 -22
417 9 -57
101 422 -90
101 388 -86
25 86 -76
25 15 -63
25 61 -52
25 497 -44
417 101 -30
212 417 -19
485 212 -5
260 140 12
34 243 8
22 366 -4
367 133 -3
32 435 8
433 57 12
372 52 14
213 431 -21
472 229 -87
303 219 -70
303 109 -56
303 177 -17
318 414 -53
213 472 -4
206 421 13
259 56 -87
130 250 -74
130 71 -52
259 130 -48
185 399 -51
185 179 -45
259 185 -40
259 184 -26
21 10 9
21 165 11
178 114 -8
192 304 11
103 263 2
129 177 3
415 54 -33
47 105 -40
200 47 -37
200 135 -26
397 381 -37
397 335 -28
278 470 -41
278 482 -26
139 415 -43
139 469 -34
415 200 -22
129 415 5
129 81 9
236 112 -27
277 477 -30
236 277 -17
44 236 -10
56 70 -46
56 227 -27
56 155 4
129 44 12
361 149 -10
352 142 3
361 11 5
328 329 -35
328 100 -28
328 82 -8
328 414 4
192 426 12
28 328 -11
28 451 -2
178 192 14
336 432 11
164 431 15
164 124 17
499 169 -16
320 499 5
494 98 -12
320 494 9
344 148 18
256 46 -13
256 367 3
434 120 -13
444 249 -15
444 231 -10
444 58 -9
104 419 -25
146 111 -30
146 227 -7
272 247 -15
146 272 0
444 294 6
349 465 9
256 424 9
159 343 -24
107 413 -44
159 107 -11
159 15 13
246 163 12
34 367 13
159 359 18
466 476 -12
53 41 18
137 251 4
203 389 12
346 175 -95
346 23 -52
346 274 -14
237 196 -25
237 490 -5
279 237 -5
397 278 -20
293 370 -42
293 163 -31
293 455 -9
7 260 -19
487 202 0
429 368 -9
429 115 -7
429 490 1
487 429 3
95 71 1
394 377 0
335 248 -25
335 148 -18
85 274 -15
220 246 -31
220 467 -13
480 345 -57
85 220 -10
335 85 2
236 394 2
331 432 -90
331 249 -69
331 256 -66
331 447 -4
487 458 4
25 375 -25
25 40 -17
398 433 -28
398 13 -25
398 57 -15
374 15 -9
374 372 -9
200 397 5
279 200 5
290 345 -9
11 30 8
256 159 18
196 138 1
348 390 13
127 396 -93
127 45 -91
127 398 -83
127 498 -82
127 51 -55
94 289 -94
94 209 -93
127 94 -54
127 294 -45
127 178 -9
127 450 -5
196 141 13
209 49 -9
209 377 1
220 480 -6
347 247 14
39 191 -31
347 454 15
329 316 24
354 7 -26
354 478 -15
3 187 -8
354 306 4
244 48 -9
244 376 5
478 304 9
413 24 -28
413 411 -22
244 406 10
235 84 -19
349 28 15
88 353 -11
88 49 1
310 470 -21
88 310 13
349 88 17
354 244 17
152 445 16
241 392 -46
241 284 -40
241 138 -15
241 421 6
241 212 16
241 149 19
275 26 -53
95 236 4
127 300 20
34 329 20
453 279 -54
453 58 -37
340 348 23
438 460 9
160 471 10
137 444 19
220 69 16
71 446 19
157 117 22
131 292 -10
131 251 -8
120 135 -8
131 120 -4
176 131 -1
176 216 8
16 92 -66
16 246 -64
16 461 -55
16 177 -21
299 340 3
299 480 4
142 260 21
379 493 -23
379 331 -6
143 379 -1
154 309 13
433 142 21
411 124 -5
411 305 -3
115 48 0
464 142 -17
464 441 -8
115 369 4
361 328 22
105 177 -36
105 211 -36
474 323 -42
474 44 -41
32 448 24
187 353 2
282 348 14
327 132 -41
327 190 -19
78 467 14
54 155 18
179 148 -1
204 405 7
183 204 18
282 327 22
284 273 7
233 435 -75
233 153 -34
160 208 24
441 197 14
112 370 -23
112 477 -14
410 140 -56
410 394 -50
410 17 -44
410 194 -44
410 292 -23
410 209 8
310 183 25
299 361 25
340 355 26
27 393 9
254 462 -83
470 154 -18
470 68 -6
254 470 8
209 220 24
317 270 2
380 491 19
329 354 25
390 448 24
120 196 0
92 432 -32
18 448 -30
386 227 -20
245 386 -16
92 18 -14
92 51 -3
136 344 29
47 187 6
493 347 13
276 43 25
195 51 -1
228 42 -65
195 228 6
97 427 -1
97 16 2
97 35 10
195 63 10
195 247 19
386 395 9
43 484 26
218 0 -9
218 424 -9
383 192 -50
218 383 -8
312 431 -24
312 351 -6
312 270 18
455 262 10
433 115 28
188 276 28
143 154 29
477 207 30
208 264 25
148 208 43
263 385 25
462 164 30
383 456 -3
230 338 12
178 70 23
259 21 27
145 154 -17
76 77 -48
76 467 -41
76 197 -38
76 478 -36
76 20 -35
170 269 -54
170 204 -38
170 297 8
86 145 2
86 212 12
86 359 20
145 76 21
239 294 -25
387 247 -51
387 99 -41
269 32 -45
387 269 -40
387 192 -35
36 239 -23
408 126 28
196 209 19
37 317 -69
247 119 27
193 223 -5
193 297 -5
252 319 -27
193 252 7
193 8 17
193 355 19
408 84 33
90 288 34
69 188 30
80 463 14
132 8 -3
234 171 31
315 284 -1
267 210 -8
267 411 -3
267 56 7
295 57 8
295 9 14
375 435 7
295 375 24
185 180 -4
460 190 25
185 460 26
185 56 27
460 157 28
295 185 29
131 433 30
11 460 29
315 267 32
282 284 31
98 319 30
153 167 31
25 391 11
293 7 22
293 254 33
498 126 33
436 216 -57
436 418 -48
436 400 -28
329 121 32
194 341 5
26 323 -7
461 299 -6
491 10 22
26 173 22
39 85 17
39 423 23
454 39 30
164 320 35
345 326 12
406 478 15
221 345 28
312 131 33
493 8 34
92 300 34
17 473 17
442 447 -33
442 99 -31
472 303 10
17 204 26
135 371 6
225 484 -32
225 303 -16
72 460 31
19 352 -20
19 168 -16
19 41 -12
19 451 5
242 297 -53
242 357 -50
242 254 -31
242 339 -14
242 90 -8
242 180 -3
242 435 0
219 403 -61
219 116 -45
219 316 -45
286 51 -97
286 413 -76
286 186 -40
286 266 -39
286 320 -24
286 39 -12
286 429 -4
286 371 -2
430 278 -45
430 499 -34
169 190 -10
459 38 -12
430 169 11
242 294 15
249 450 19
151 465 8
151 370 25
265 428 -65
265 326 -40
394 335 11
219 2 17
246 394 21
260 32 34
494 408 26
370 102 34
265 232 35
81 109 20
403 7 -48
403 236 -7
403 40 -6
403 306 3
116 157 3
483 34 -2
483 174 -1
46 432 21
81 403 27
32 187 35
407 344 35
496 217 -3
96 407 35
102 317 35
371 446 7
1 356 -17
314 79 -54
314 246 -51
314 27 -5
314 263 11
371 183 11
371 197 16
43 218 38
61 122 -26
61 318 -17
449 52 -15
61 449 -15
61 36 -11
350 82 -12
350 26 9
61 350 21
415 446 14
326 408 39
180 174 34
226 113 -90
226 388 -73
226 314 2
274 20 14
226 274 21
226 395 22
365 180 34
238 270 21
213 396 33
1 314 26
273 162 17
213 183 35
276 195 36
429 194 39
342 12 -26
342 73 -21
269 418 -27
342 269 -2
342 161 31
275 303 38
458 185 16
483 56 37
370 113 38
416 247 36
488 338 -24
488 3 23
298 232 28
205 435 -7
356 205 0
356 420 18
370 107 39
109 475 30
220 106 28
314 220 34
157 16 38
45 494 42
24 262 40
20 433 35
342 262 42
331 33 40
407 496 40
301 359 31
301 230 34
37 319 32
216 301 44
53 137 40
53 247 40
43 61 42
267 260 48
242 249 40
460 407 33
78 478 20
78 462 27
250 78 33
250 270 33
451 471 28
460 246 36
346 279 33
203 346 40
408 85 40
96 408 41
170 86 41
324 255 -49
171 319 34
324 171 41
272 178 41
385 329 45
33 498 45
437 115 -10
6 437 10
6 122 11
60 349 18
389 60 23
89 84 -5
89 106 3
89 191 44
495 465 -29
495 92 -28
495 244 15
402 253 -1
100 402 22
398 374 44
398 197 45
144 230 22
281 370 45
388 365 34
361 105 46
108 71 45
379 462 13
379 174 15
379 191 27
8 142 41
108 379 56
185 317 43
494 10 48
473 79 48
445 157 26
336 365 41
11 241 43
118 421 -4
144 249 49
353 67 7
353 385 19
353 79 28
278 139 -17
307 200 -53
307 185 1
278 268 10
278 325 20
353 278 44
222 232 29
315 121 51
459 170 33
219 497 28
169 459 37
115 234 39
100 188 53
148 56 53
391 398 46
400 165 44
35 254 49
305 378 29
497 305 32
197 385 55
229 273 -14
229 116 -8
312 326 42
422 397 40
130 222 14
30 352 19
218 312 46
484 288 50
308 360 -17
308 340 -10
308 217 48
287 144 20
287 58 22
9 292 39
12 478 7
400 484 50
101 25 -3
101 8 17
101 396 18
101 399 41
42 65 -18
55 428 -45
55 0 -42
42 138 16
155 412 31
1 38 36
210 287 15
317 470 55
255 459 -17
229 317 56
271 349 56
94 237 11
261 260 44
403 46 45
462 383 45
64 42 -55
94 90 45
94 239 47
337 398 -31
302 165 19
480 261 20
167 396 32
91 418 41
91 235 47
91 498 47
420 341 41
384 97 -8
199 463 -40
119 196 28
489 11 -1
199 168 -7
199 289 0
305 485 41
116 325 24
205 284 1
205 241 11
74 339 -28
74 25 10
74 165 27
315 169 59
440 485 55
49 266 35
311 150 -15
311 400 -15
311 26 7
311 417 20
374 207 51
270 234 37
397 392 50
431 261 36
343 42 -7
343 191 13
31 26 2
128 191 -34
245 359 24
139 376 10
139 264 21
291 319 20
245 433 25
18 245 46
344 256 45
414 409 28
280 342 5
351 280 26
214 374 52
174 462 47
339 479 32
405 83 31
220 306 39
150 360 33
401 325 23
332 385 46
165 297 56
114 281 18
311 214 53
50 374 65
203 426 59
409 336 34
316 99 53
380 174 49
220 113 42
177 238 42
177 235 45
287 429 41
490 287 43
348 127 29
124 336 31
476 427 -5
476 479 33
124 476 36
63 97 48
63 399 49
125 418 -14
125 325 20
125 238 30
398 144 55
178 90 44
487 25 26
7 487 29
51 484 38
246 159 52
232 22 60
266 21 54
430 248 27
286 430 44
417 149 54
147 401 27
214 349 54
214 485 54
447 248 19
490 479 66
147 447 43
476 443 42
487 248 45
401 173 56
299 207 59
