-4137
25 3 -97
2 0 -100
7 27 -100
28 7 -100
5 11 -99
17 15 -100
10 9 -100
10 8 -99
4 2 -98
4 13 -98
1 4 -95
29 9 -99
17 10 -98
25 5 -96
29 21 -96
7 29 -95
1 7 -95
17 3 -93
29 11 -92
26 15 -92
22 19 -97
19 29 -92
19 11 -91
17 19 -91
27 26 -92
17 27 -90
21 17 -89
16 11 -95
16 7 -93
16 17 -92
16 5 -91
19 26 -89
12 1 -91
12 16 -90
10 16 -87
4 10 -91
16 19 -84
15 25 -88
21 10 -84
6 29 -92
6 15 -87
28 15 -94
28 5 -91
0 15 -94
0 17 -92
0 10 -91
0 18 -91
20 6 -98
20 25 -86
20 0 -80
24 3 -97
24 8 -91
11 1 -85
11 29 -85
9 28 -93
23 20 -94
2 9 -93
2 26 -91
2 1 -88
23 15 -90
2 23 -88
29 3 -84
8 21 -82
25 1 -82
26 22 -80
5 8 -85
14 23 -100
14 27 -100
14 11 -90
14 17 -87
9 23 -88
15 22 -82
16 15 -81
14 9 -80
3 26 -80
13 3 -78
17 11 -78
23 17 -79
13 8 -77
1 8 -81
13 1 -75
7 12 -88
13 7 -74
22 25 -78
13 22 -74
6 28 -77
3 29 -74
23 3 -67
19 12 -80
19 14 -76
19 3 -67
24 17 -71
4 16 -78
24 4 -70
17 14 -67
26 5 -77
12 3 -77
12 2 -75
26 12 -74
25 26 -73
25 6 -72
8 0 -75
25 8 -69
25 24 -65
17 25 -62
6 20 -71
6 14 -68
16 23 -66
2 29 -72
2 17 -68
2 22 -67
21 6 -71
27 22 -83
27 7 -81
27 19 -80
27 29 -76
27 20 -73
5 14 -74
21 27 -68
6 16 -66
26 25 -60
10 4 -79
9 10 -75
9 6 -73
9 20 -68
9 24 -65
21 25 -65
12 21 -65
12 19 -64
0 20 -75
28 0 -73
13 6 -70
13 23 -68
13 28 -68
29 13 -68
11 2 -72
11 7 -71
29 10 -67
28 29 -67
28 1 -65
28 9 -63
16 2 -65
14 16 -63
14 19 -61
0 9 -67
0 4 -65
23 19 -63
0 8 -61
21 12 -60
18 16 -87
18 29 -70
11 28 -63
11 14 -60
27 5 -66
7 17 -59
18 11 -59
16 21 -56
22 23 -60
29 19 -64
29 8 -55
27 23 -55
26 9 -58
17 6 -57
16 22 -50
14 0 -54
16 28 -50
16 0 -47
14 22 -49
2 21 -54
7 28 -49
7 0 -48
9 2 -55
13 15 -63
13 9 -60
5 25 -64
24 7 -60
24 12 -58
5 24 -56
12 28 -55
20 24 -61
20 18 -56
20 23 -56
3 16 -62
3 28 -59
11 27 -56
11 9 -55
13 5 -55
9 13 -55
18 8 -48
11 23 -52
4 24 -58
4 1 -55
11 4 -49
18 20 -42
26 18 -56
26 29 -55
6 26 -49
10 11 -46
24 22 -53
10 24 -46
26 16 -48
8 23 -48
14 2 -47
8 28 -47
5 12 -49
5 0 -48
8 5 -45
6 10 -46
6 3 -44
18 6 -41
16 8 -45
0 16 -39
12 20 -42
12 18 -37
24 18 -44
24 19 -44
24 6 -40
25 4 -55
25 22 -50
25 19 -46
2 27 -46
25 2 -45
25 14 -44
25 27 -42
7 9 -47
7 23 -36
25 7 -38
24 25 -37
12 24 -37
26 0 -44
26 10 -39
20 3 -38
20 26 -37
19 24 -38
19 10 -34
0 12 -37
20 19 -32
12 10 -35
18 0 -35
23 7 -33
25 23 -32
21 18 -49
12 25 -32
9 18 -40
9 26 -33
26 20 -32
0 26 -29
18 10 -30
4 0 -42
29 27 -45
4 29 -40
14 18 -34
14 10 -32
14 28 -31
21 0 -30
1 24 -54
1 16 -50
1 10 -49
1 21 -38
11 18 -30
15 28 -62
15 0 -48
15 7 -46
15 11 -43
15 27 -42
15 20 -35
9 0 -24
25 21 -24
11 15 -24
22 29 -45
22 7 -44
22 16 -42
8 12 -43
8 4 -38
22 8 -33
24 2 -34
24 23 -32
22 24 -31
28 14 -28
17 0 -27
2 28 -29
6 18 -30
7 6 -28
13 21 -38
7 13 -28
2 7 -26
4 28 -25
24 26 -25
1 9 -22
14 25 -26
14 24 -25
4 12 -23
27 17 -39
27 18 -35
27 25 -33
27 24 -32
1 14 -22
20 12 -29
21 1 -21
2 4 -22
28 24 -21
22 28 -21
11 22 -16
17 2 -17
16 18 -32
16 4 -26
16 20 -23
6 19 -21
5 27 -30
5 16 -28
23 0 -29
5 23 -22
1 20 -20
16 6 -20
25 11 -15
18 4 -28
18 19 -28
18 27 -27
18 9 -25
18 28 -21
21 19 -20
18 24 -20
1 11 -19
5 1 -17
21 11 -19
3 11 -33
3 0 -32
3 7 -32
21 3 -18
5 21 -17
19 17 -15
9 25 -14
19 9 -10
20 22 -19
5 19 -13
3 22 -17
5 3 -9
4 27 -20
4 18 -13
23 24 -20
23 28 -13
11 17 -15
2 11 -14
23 2 -12
6 5 -12
17 16 -11
23 6 -10
4 23 -10
20 17 -12
4 9 -7
19 20 -2
17 4 -8
23 25 -9
23 4 -5
17 23 -5
1 12 -16
15 1 -10
15 17 -10
12 9 -15
12 17 -11
13 12 -20
26 17 -22
10 26 -22
13 10 -17
27 28 -15
13 27 -13
26 23 -20
26 3 -16
26 19 -10
2 25 -9
16 25 -7
29 2 -34
29 24 -31
29 14 -30
29 28 -27
29 12 -16
29 26 -9
8 10 -24
7 8 -23
7 25 -14
7 3 -13
7 1 -11
10 27 -14
10 1 -12
0 11 -22
0 13 -21
0 21 -20
0 6 -17
24 21 -13
14 4 -21
10 0 -11
10 3 -10
10 29 -4
12 13 -7
27 15 -12
3 5 -7
8 27 -7
12 8 -6
22 12 -6
21 22 -2
15 21 -6
16 29 -6
3 21 -6
3 1 -5
2 16 -5
6 17 -2
4 19 -2
25 18 0
20 4 0
13 26 -7
13 19 -6
14 13 -6
14 1 -5
15 2 1
15 14 1
10 5 -3
22 21 1
15 10 3
3 6 0
20 14 3
29 7 -4
15 3 4
18 5 1
15 18 9
19 6 0
1 15 3
24 14 -1
24 29 1
27 3 -4
27 1 -2
0 24 4
19 1 5
13 2 -4
17 1 4
28 25 5
8 9 1
13 17 6
11 25 -11
11 19 -3
11 3 -2
11 0 4
11 13 6
9 19 6
16 27 6
16 13 9
0 25 7
22 4 8
20 29 7
6 22 8
23 5 2
23 14 6
24 16 10
15 19 9
4 25 10
5 4 11
6 23 11
24 5 14
14 6 15
7 10 -3
7 18 5
7 5 9
9 16 16
7 24 16
20 16 11
2 20 13
12 23 2
26 2 -4
26 14 -4
26 27 0
13 11 12
26 13 13
2 12 19
2 14 23
18 25 10
17 21 11
18 17 11
22 2 10
18 22 17
18 1 23
28 8 13
21 28 19
20 9 14
20 2 19
9 7 18
22 18 18
9 22 18
27 9 10
27 13 15
5 9 20
20 5 20
21 20 22
13 0 23
9 27 23
15 23 12
15 26 12
6 11 17
6 25 17
15 6 17
29 15 18
29 18 22
22 13 21
22 20 23
24 9 23
24 13 23
27 2 25
7 2 23
7 21 24
14 7 31
26 1 20
26 21 21
4 11 18
3 2 8
3 13 11
3 24 16
3 14 20
8 20 19
27 14 25
10 6 16
10 7 24
24 15 25
10 13 28
29 22 25
25 15 25
29 25 28
20 1 24
20 21 25
8 25 27
15 29 28
9 15 25
17 18 26
28 18 23
9 17 27
11 24 20
11 12 21
10 15 28
24 10 30
21 13 30
4 3 25
4 14 26
9 11 28
9 21 30
8 15 35
11 21 30
12 26 30
10 21 32
18 21 28
26 4 33
2 18 34
5 20 29
5 10 30
18 26 35
7 14 33
20 8 33
20 13 33
2 5 36
24 11 36
0 14 25
0 7 29
22 27 32
22 0 35
10 2 36
18 7 37
0 22 37
29 20 36
1 0 38
1 29 39
0 29 39
2 24 41
18 2 43
3 8 28
3 18 28
25 10 31
3 25 36
3 10 45
8 13 37
15 9 38
13 24 39
15 13 41
12 27 35
7 20 42
18 3 45
7 11 47
26 8 36
24 0 42
12 7 47
0 27 44
23 13 23
23 8 26
23 18 29
23 10 37
23 22 42
9 8 39
14 12 34
5 18 43
6 1 21
6 24 22
6 27 26
6 9 29
6 21 31
6 4 34
6 8 34
6 13 34
6 12 44
6 0 46
23 9 47
27 10 47
23 27 48
29 1 42
8 7 42
8 6 43
29 4 43
17 28 30
17 5 39
17 20 43
17 22 43
4 8 44
4 20 44
17 13 44
29 17 46
29 23 47
16 1 40
16 14 46
26 24 48
16 26 48
10 18 49
28 22 38
28 23 45
28 17 48
28 3 49
11 10 51
26 11 51
7 26 51
22 5 46
22 15 48
22 9 52
11 26 52
22 11 52
26 7 54
6 7 56
28 6 55
16 10 53
14 5 54
14 26 55
8 26 55
29 16 49
23 29 49
12 0 52
15 12 51
9 14 57
28 16 58
21 14 38
21 4 43
21 29 46
21 2 53
21 7 57
2 10 58
5 6 58
4 26 51
17 8 49
17 26 51
13 4 56
18 15 59
12 14 55
12 6 60
22 26 59
28 21 59
10 28 60
25 13 37
25 20 47
29 0 50
25 29 58
3 15 60
19 13 26
19 15 37
19 18 48
19 5 51
19 7 54
19 8 56
19 16 57
19 22 59
3 19 60
27 11 53
27 16 53
27 0 60
5 13 62
15 5 70
16 9 65
2 15 66
8 18 57
8 17 59
8 3 62
8 16 67
1 2 52
1 25 54
1 23 56
22 10 64
17 7 66
12 4 65
18 12 66
13 18 67
25 9 68
0 23 60
2 8 68
19 28 61
21 9 62
19 21 68
19 25 68
3 27 69
11 16 62
11 20 67
11 6 68
20 11 68
28 2 63
28 4 63
28 13 63
28 26 64
28 27 68
10 25 69
8 1 69
17 12 66
24 1 49
24 27 64
22 17 69
22 14 71
28 10 69
28 12 72
2 19 70
5 15 73
5 2 74
7 22 68
8 22 75
8 11 82
20 28 77
3 20 81
24 20 74
0 5 77
19 0 78
25 0 76
13 25 79
29 5 75
2 13 81
19 2 79
4 17 68
4 5 72
4 15 78
21 8 75
21 16 77
23 12 65
23 21 67
23 26 70
4 21 78
4 6 79
19 4 79
3 17 82
9 3 72
5 7 79
26 6 79
5 26 80
23 16 82
8 19 85
5 28 84
6 2 84
24 28 83
9 5 85
12 5 78
12 15 78
3 9 86
3 23 89
15 16 81
7 15 84
19 23 87
27 12 90
19 27 90
16 3 90
2 3 91
14 8 71
14 3 76
14 20 76
14 21 79
14 15 83
9 12 89
1 18 70
1 3 72
1 27 74
1 26 75
1 17 76
1 5 83
1 13 86
28 11 85
20 7 84
1 28 91
22 3 90
22 1 96
5 17 92
7 4 95
27 21 94
10 20 87
